📦 Including license file `LICENSE`
🔗 Found pyo3 bindings
🐍 Found CPython 3.14 at C:\Users\dohoang\projects\theus\.venv\Scripts\python.exe
📡 Using build options features from pyproject.toml
Ignoring pyright: markers 'extra == "dev"' don't match your environment
Ignoring ruff: markers 'extra == "dev"' don't match your environment
Requirement already satisfied: pydantic>=2.0 in c:\users\dohoang\projects\theus\.venv\lib\site-packages (2.12.5)
Requirement already satisfied: pyyaml>=6.0 in c:\users\dohoang\projects\theus\.venv\lib\site-packages (6.0.3)
Requirement already satisfied: typing-extensions>=4.0 in c:\users\dohoang\projects\theus\.venv\lib\site-packages (4.15.0)
Requirement already satisfied: rich>=13.0 in c:\users\dohoang\projects\theus\.venv\lib\site-packages (14.3.2)
Requirement already satisfied: questionary>=2.0 in c:\users\dohoang\projects\theus\.venv\lib\site-packages (2.1.1)
Requirement already satisfied: annotated-types>=0.6.0 in c:\users\dohoang\projects\theus\.venv\lib\site-packages (from pydantic>=2.0) (0.7.0)
Requirement already satisfied: pydantic-core==2.41.5 in c:\users\dohoang\projects\theus\.venv\lib\site-packages (from pydantic>=2.0) (2.41.5)
Requirement already satisfied: typing-inspection>=0.4.2 in c:\users\dohoang\projects\theus\.venv\lib\site-packages (from pydantic>=2.0) (0.4.2)
Requirement already satisfied: markdown-it-py>=2.2.0 in c:\users\dohoang\projects\theus\.venv\lib\site-packages (from rich>=13.0) (4.0.0)
Requirement already satisfied: pygments<3.0.0,>=2.13.0 in c:\users\dohoang\projects\theus\.venv\lib\site-packages (from rich>=13.0) (2.19.2)
Requirement already satisfied: prompt_toolkit<4.0,>=2.0 in c:\users\dohoang\projects\theus\.venv\lib\site-packages (from questionary>=2.0) (3.0.52)
Requirement already satisfied: wcwidth in c:\users\dohoang\projects\theus\.venv\lib\site-packages (from prompt_toolkit<4.0,>=2.0->questionary>=2.0) (0.5.3)
Requirement already satisfied: mdurl~=0.1 in c:\users\dohoang\projects\theus\.venv\lib\site-packages (from markdown-it-py>=2.2.0->rich>=13.0) (0.1.2)
   Compiling theus_core v3.0.26 (C:\Users\dohoang\projects\theus)
    Finished `release` profile [optimized] target(s) in 13.56s
📦 Built wheel for CPython 3.14 to C:\Users\dohoang\AppData\Local\Temp\.tmpWvZzRV\theus-3.0.26-cp314-cp314-win_amd64.whl
✏️ Setting installed package as editable
🛠 Installed theus-3.0.26
   Compiling pyo3-build-config v0.23.5
   Compiling pyo3-ffi v0.23.5
   Compiling pyo3-macros-backend v0.23.5
   Compiling pyo3 v0.23.5
   Compiling pyo3-macros v0.23.5
    Checking pyo3-async-runtimes v0.23.0
    Checking theus_core v3.0.26 (C:\Users\dohoang\projects\theus)
    Finished `dev` profile [unoptimized + debuginfo] target(s) in 11.71s
0 errors, 0 warnings, 0 informations
All checks passed!
   Compiling pyo3-build-config v0.23.5
   Compiling pyo3-macros-backend v0.23.5
   Compiling pyo3-ffi v0.23.5
   Compiling pyo3 v0.23.5
   Compiling pyo3-macros v0.23.5
   Compiling pyo3-async-runtimes v0.23.0
   Compiling theus_core v3.0.26 (C:\Users\dohoang\projects\theus)
    Finished `test` profile [unoptimized + debuginfo] target(s) in 13.81s
     Running unittests src\lib.rs (target\debug\deps\theus_core-4fd37c4cb7dafb95.exe)

running 1 test
test structures_helper::tests::test_parse_path_segments ... ok

test result: ok. 1 passed; 0 failed; 0 ignored; 0 measured; 0 filtered out; finished in 0.00s

[THEUS-CORE] Loaded Version: 3.0.26(Target Env Build)
.
----------------------------------------------------------------------
Ran 1 test in 0.001s

OK

[Parity Check] Comparing TheusEngine Python Wrapper vs Rust Core...
   Checking method: __init__... ✅ OK
   Checking method: attach_worker... ✅ OK
   Checking method: compare_and_swap... ✅ OK
   Checking method: execute_process_async... ⚠️ Missing in Python Wrapper (Intentional?)
   Checking method: process_outbox... ✅ OK
   Checking method: report_conflict... ⚠️ Missing in Python Wrapper (Intentional?)
   Checking method: report_success... ⚠️ Missing in Python Wrapper (Intentional?)
   Checking method: set_audit_system... ⚠️ Missing in Python Wrapper (Intentional?)
   Checking method: set_schema... ✅ OK
   Checking method: set_strict_cas... ⚠️ Missing in Python Wrapper (Intentional?)
   Checking method: set_strict_guards... ⚠️ Missing in Python Wrapper (Intentional?)
   Checking method: transaction... ✅ OK
Verified 6 methods.
🛡️  Theus Local CI Automation Tool
   Python: 3.14.2
   Platform: Windows
🔧 Auto-detected VIRTUAL_ENV: C:\Users\dohoang\projects\theus\.venv

==================================================
🚀 [STEP] Compiling Rust Core (Maturin)
   Exec: maturin develop --release
   CWD:  C:\Users\dohoang\projects\theus
==================================================
✅ [SUCCESS] Compiling Rust Core (Maturin) (22.75s)

==================================================
🚀 [STEP] Running Cargo Clippy (Strict + Pedantic)
   Exec: cargo clippy --all-targets --all-features -- -D warnings -W clippy::pedantic -A clippy::missing_errors_doc -A clippy::missing_panics_doc -A clippy::match_same_arms -A clippy::items_after_statements -A clippy::unreadable_literal -A clippy::needless_continue -A clippy::only_used_in_recursion
   CWD:  C:\Users\dohoang\projects\theus
==================================================
✅ [SUCCESS] Running Cargo Clippy (Strict + Pedantic) (12.21s)

==================================================
🚀 [STEP] Running Pyright
   Exec: C:\Users\dohoang\projects\theus\.venv\Scripts\python.exe -m pyright
   CWD:  C:\Users\dohoang\projects\theus
==================================================
✅ [SUCCESS] Running Pyright (2.29s)

==================================================
🚀 [STEP] Running Ruff
   Exec: C:\Users\dohoang\projects\theus\.venv\Scripts\python.exe -m ruff check .
   CWD:  C:\Users\dohoang\projects\theus
==================================================
✅ [SUCCESS] Running Ruff (0.33s)

==================================================
🚀 [STEP] Running Rust Tests
   Exec: cargo test
   CWD:  C:\Users\dohoang\projects\theus
==================================================
✅ [SUCCESS] Running Rust Tests (14.22s)

==================================================
🚀 [STEP] Verifying API Parity
   Exec: C:\Users\dohoang\projects\theus\.venv\Scripts\python.exe tests/verify_api_parity.py
   CWD:  C:\Users\dohoang\projects\theus
==================================================
✅ [SUCCESS] Verifying API Parity (0.88s)

🎉 LOCAL CI COMPLETED SUCCESSFULLY!
